Getting matches for hero : Anti-Mage
Getting matches for hero : Axe
Getting matches for hero : Bane
Getting matches for hero : Bloodseeker
Getting matches for hero : Crystal Maiden
Getting matches for hero : Drow Ranger
Getting matches for hero : Earthshaker
Getting matches for hero : Juggernaut
Getting matches for hero : Mirana
Getting matches for hero : Shadow Fiend
Getting matches for hero : Morphling
Getting matches for hero : Phantom Lancer
Getting matches for hero : Puck
Getting matches for hero : Pudge
Getting matches for hero : Razor
Getting matches for hero : Sand King
Getting matches for hero : Storm Spirit
Getting matches for hero : Sven
Getting matches for hero : Tiny
Getting matches for hero : Vengeful Spirit
Getting matches for hero : Windranger
Getting matches for hero : Zeus
Getting matches for hero : Kunkka
Getting matches for hero : Lina
Getting matches for hero : Lich
Getting matches for hero : Lion
Getting matches for hero : Shadow Shaman
Getting matches for hero : Slardar
Getting matches for hero : Tidehunter
Getting matches for hero : Witch Doctor
Getting matches for hero : Riki
Getting matches for hero : Enigma
Getting matches for hero : Tinker
Getting matches for hero : Sniper
Getting matches for hero : Necrophos
Getting matches for hero : Warlock
Getting matches for hero : Beastmaster
Getting matches for hero : Queen of Pain
Getting matches for hero : Venomancer
Getting matches for hero : Faceless Void
Getting matches for hero : Wraith King
Getting matches for hero : Death Prophet
Getting matches for hero : Phantom Assassin
Getting matches for hero : Pugna
Server error
Sleeping for 10 mins seeing if server gets back to normal
Getting matches for hero : Templar Assassin
Server error
Sleeping for 10 mins seeing if server gets back to normal
parsing matches
Fetched matches for now, sleeping for 30m
Getting matches for hero : Anti-Mage
Getting matches for hero : Axe
Getting matches for hero : Bane
Getting matches for hero : Bloodseeker
Getting matches for hero : Crystal Maiden
Getting matches for hero : Drow Ranger
Getting matches for hero : Earthshaker
Getting matches for hero : Juggernaut
Getting matches for hero : Mirana
Getting matches for hero : Shadow Fiend
Getting matches for hero : Morphling
Getting matches for hero : Phantom Lancer
Getting matches for hero : Puck
Getting matches for hero : Pudge
Getting matches for hero : Razor
Getting matches for hero : Sand King
Getting matches for hero : Storm Spirit
Getting matches for hero : Sven
Getting matches for hero : Tiny
Getting matches for hero : Vengeful Spirit
Getting matches for hero : Windranger
Getting matches for hero : Zeus
Getting matches for hero : Kunkka
Getting matches for hero : Lina
Getting matches for hero : Lich
Getting matches for hero : Lion
Getting matches for hero : Shadow Shaman
Getting matches for hero : Slardar
Getting matches for hero : Tidehunter
Getting matches for hero : Witch Doctor
Getting matches for hero : Riki
Getting matches for hero : Enigma
Getting matches for hero : Tinker
Getting matches for hero : Sniper
Getting matches for hero : Necrophos
Getting matches for hero : Warlock
Getting matches for hero : Beastmaster
Getting matches for hero : Queen of Pain
Getting matches for hero : Venomancer
Getting matches for hero : Faceless Void
Getting matches for hero : Wraith King
Getting matches for hero : Death Prophet
Getting matches for hero : Phantom Assassin
Getting matches for hero : Pugna
Getting matches for hero : Templar Assassin
Getting matches for hero : Viper
Getting matches for hero : Luna
Getting matches for hero : Dragon Knight
Getting matches for hero : Dazzle
Getting matches for hero : Clockwerk
Getting matches for hero : Leshrac
Getting matches for hero : Nature's Prophet
Getting matches for hero : Lifestealer
Getting matches for hero : Dark Seer
Getting matches for hero : Clinkz
Getting matches for hero : Omniknight
Getting matches for hero : Enchantress
Getting matches for hero : Huskar
Getting matches for hero : Night Stalker
Getting matches for hero : Broodmother
Getting matches for hero : Bounty Hunter
Getting matches for hero : Weaver
Getting matches for hero : Jakiro
Getting matches for hero : Batrider
Getting matches for hero : Chen
Getting matches for hero : Spectre
Getting matches for hero : Doom
Getting matches for hero : Ancient Apparition
Getting matches for hero : Ursa
Getting matches for hero : Spirit Breaker
Getting matches for hero : Gyrocopter
Getting matches for hero : Alchemist
Getting matches for hero : Invoker
Getting matches for hero : Silencer
Getting matches for hero : Outworld Devourer
Getting matches for hero : Lycan
Getting matches for hero : Brewmaster
Getting matches for hero : Shadow Demon
Getting matches for hero : Lone Druid
Getting matches for hero : Chaos Knight
Getting matches for hero : Meepo
Getting matches for hero : Treant Protector
Getting matches for hero : Ogre Magi
Getting matches for hero : Undying
Getting matches for hero : Rubick
Getting matches for hero : Disruptor
Getting matches for hero : Nyx Assassin
Getting matches for hero : Naga Siren
Getting matches for hero : Keeper of the Light
Getting matches for hero : Io
Getting matches for hero : Visage
Getting matches for hero : Slark
Getting matches for hero : Medusa
Getting matches for hero : Troll Warlord
Getting matches for hero : Centaur Warrunner
Getting matches for hero : Magnus
Getting matches for hero : Timbersaw
Getting matches for hero : Bristleback
Getting matches for hero : Tusk
Getting matches for hero : Skywrath Mage
Getting matches for hero : Abaddon
Getting matches for hero : Elder Titan
Getting matches for hero : Legion Commander
Getting matches for hero : Ember Spirit
Getting matches for hero : Earth Spirit
Getting matches for hero : Terrorblade
Getting matches for hero : Phoenix
Getting matches for hero : Oracle
Getting matches for hero : Techies
Getting matches for hero : Winter Wyvern
Getting matches for hero : Arc Warden
parsing matches
Fetched matches for now, sleeping for 30m
Getting matches for hero : Anti-Mage
Getting matches for hero : Axe
Getting matches for hero : Bane
Getting matches for hero : Bloodseeker
Getting matches for hero : Crystal Maiden
Getting matches for hero : Drow Ranger
Getting matches for hero : Earthshaker
Getting matches for hero : Juggernaut
Getting matches for hero : Mirana
Getting matches for hero : Shadow Fiend
Getting matches for hero : Morphling
Getting matches for hero : Phantom Lancer
Getting matches for hero : Puck
Getting matches for hero : Pudge
Getting matches for hero : Razor
Getting matches for hero : Sand King
Getting matches for hero : Storm Spirit
Getting matches for hero : Sven
Getting matches for hero : Tiny
Getting matches for hero : Vengeful Spirit
Getting matches for hero : Windranger
Getting matches for hero : Zeus
Getting matches for hero : Kunkka
Getting matches for hero : Lina
Getting matches for hero : Lich
Getting matches for hero : Lion
Getting matches for hero : Shadow Shaman
Getting matches for hero : Slardar
Getting matches for hero : Tidehunter
Getting matches for hero : Witch Doctor
Getting matches for hero : Riki
Getting matches for hero : Enigma
Getting matches for hero : Tinker
Getting matches for hero : Sniper
Getting matches for hero : Necrophos
Getting matches for hero : Warlock
Getting matches for hero : Beastmaster
Getting matches for hero : Queen of Pain
Getting matches for hero : Venomancer
Getting matches for hero : Faceless Void
Getting matches for hero : Wraith King
Getting matches for hero : Death Prophet
Getting matches for hero : Phantom Assassin
Getting matches for hero : Pugna
Getting matches for hero : Templar Assassin
Getting matches for hero : Viper
Getting matches for hero : Luna
Getting matches for hero : Dragon Knight
Getting matches for hero : Dazzle
Getting matches for hero : Clockwerk
Getting matches for hero : Leshrac
Getting matches for hero : Nature's Prophet
Getting matches for hero : Lifestealer
Getting matches for hero : Dark Seer
Getting matches for hero : Clinkz
Getting matches for hero : Omniknight
Getting matches for hero : Enchantress
Getting matches for hero : Huskar
Getting matches for hero : Night Stalker
Getting matches for hero : Broodmother
Getting matches for hero : Bounty Hunter
Getting matches for hero : Weaver
Getting matches for hero : Jakiro
Getting matches for hero : Batrider
Getting matches for hero : Chen
Getting matches for hero : Spectre
Getting matches for hero : Doom
Getting matches for hero : Ancient Apparition
Getting matches for hero : Ursa
Getting matches for hero : Spirit Breaker
Getting matches for hero : Gyrocopter
Getting matches for hero : Alchemist
Getting matches for hero : Invoker
Getting matches for hero : Silencer
Getting matches for hero : Outworld Devourer
Getting matches for hero : Lycan
Getting matches for hero : Brewmaster
Getting matches for hero : Shadow Demon
Getting matches for hero : Lone Druid
Getting matches for hero : Chaos Knight
Getting matches for hero : Meepo
Getting matches for hero : Treant Protector
Getting matches for hero : Ogre Magi
Getting matches for hero : Undying
Getting matches for hero : Rubick
Getting matches for hero : Disruptor
Getting matches for hero : Nyx Assassin
Getting matches for hero : Naga Siren
Getting matches for hero : Keeper of the Light
Getting matches for hero : Io
Getting matches for hero : Visage
Getting matches for hero : Slark
Getting matches for hero : Medusa
Getting matches for hero : Troll Warlord
Getting matches for hero : Centaur Warrunner
Getting matches for hero : Magnus
Getting matches for hero : Timbersaw
Getting matches for hero : Bristleback
Getting matches for hero : Tusk
Getting matches for hero : Skywrath Mage
Getting matches for hero : Abaddon
Getting matches for hero : Elder Titan
Getting matches for hero : Legion Commander
Getting matches for hero : Ember Spirit
Getting matches for hero : Earth Spirit
Getting matches for hero : Terrorblade
Getting matches for hero : Phoenix
Getting matches for hero : Oracle
Getting matches for hero : Techies
Getting matches for hero : Winter Wyvern
Getting matches for hero : Arc Warden
parsing matches
Fetched matches for now, sleeping for 30m
Getting matches for hero : Anti-Mage
Getting matches for hero : Axe
Getting matches for hero : Bane
Getting matches for hero : Bloodseeker
Getting matches for hero : Crystal Maiden
Getting matches for hero : Drow Ranger
Getting matches for hero : Earthshaker
Getting matches for hero : Juggernaut
Getting matches for hero : Mirana
Getting matches for hero : Shadow Fiend
Getting matches for hero : Morphling
Getting matches for hero : Phantom Lancer
Getting matches for hero : Puck
Getting matches for hero : Pudge
Getting matches for hero : Razor
Getting matches for hero : Sand King
Getting matches for hero : Storm Spirit
Getting matches for hero : Sven
Getting matches for hero : Tiny
Getting matches for hero : Vengeful Spirit
Getting matches for hero : Windranger
Getting matches for hero : Zeus
Getting matches for hero : Kunkka
Getting matches for hero : Lina
Getting matches for hero : Lich
Getting matches for hero : Lion
Getting matches for hero : Shadow Shaman
Getting matches for hero : Slardar
Getting matches for hero : Tidehunter
Getting matches for hero : Witch Doctor
Getting matches for hero : Riki
Getting matches for hero : Enigma
Getting matches for hero : Tinker
Getting matches for hero : Sniper
Getting matches for hero : Necrophos
Getting matches for hero : Warlock
Getting matches for hero : Beastmaster
Getting matches for hero : Queen of Pain
Getting matches for hero : Venomancer
Getting matches for hero : Faceless Void
Getting matches for hero : Wraith King
Getting matches for hero : Death Prophet
Getting matches for hero : Phantom Assassin
Getting matches for hero : Pugna
Getting matches for hero : Templar Assassin
Getting matches for hero : Viper
Getting matches for hero : Luna
Getting matches for hero : Dragon Knight
Getting matches for hero : Dazzle
Getting matches for hero : Clockwerk
Getting matches for hero : Leshrac
Getting matches for hero : Nature's Prophet
Getting matches for hero : Lifestealer
Getting matches for hero : Dark Seer
Getting matches for hero : Clinkz
Getting matches for hero : Omniknight
Getting matches for hero : Enchantress
Getting matches for hero : Huskar
Getting matches for hero : Night Stalker
Getting matches for hero : Broodmother
Getting matches for hero : Bounty Hunter
Getting matches for hero : Weaver
Getting matches for hero : Jakiro
Getting matches for hero : Batrider
Getting matches for hero : Chen
Getting matches for hero : Spectre
Getting matches for hero : Doom
Getting matches for hero : Ancient Apparition
Getting matches for hero : Ursa
Getting matches for hero : Spirit Breaker
Getting matches for hero : Gyrocopter
Getting matches for hero : Alchemist
Getting matches for hero : Invoker
Getting matches for hero : Silencer
Getting matches for hero : Outworld Devourer
Getting matches for hero : Lycan
Getting matches for hero : Brewmaster
Getting matches for hero : Shadow Demon
Getting matches for hero : Lone Druid
Getting matches for hero : Chaos Knight
Getting matches for hero : Meepo
Getting matches for hero : Treant Protector
Getting matches for hero : Ogre Magi
Getting matches for hero : Undying
Getting matches for hero : Rubick
Getting matches for hero : Disruptor
Getting matches for hero : Nyx Assassin
Getting matches for hero : Naga Siren
Getting matches for hero : Keeper of the Light
Getting matches for hero : Io
Getting matches for hero : Visage
Getting matches for hero : Slark
Getting matches for hero : Medusa
Getting matches for hero : Troll Warlord
Getting matches for hero : Centaur Warrunner
Getting matches for hero : Magnus
Getting matches for hero : Timbersaw
Getting matches for hero : Bristleback
Getting matches for hero : Tusk
Getting matches for hero : Skywrath Mage
Getting matches for hero : Abaddon
Getting matches for hero : Elder Titan
Getting matches for hero : Legion Commander
Getting matches for hero : Ember Spirit
Getting matches for hero : Earth Spirit
Getting matches for hero : Terrorblade
Getting matches for hero : Phoenix
Getting matches for hero : Oracle
Getting matches for hero : Techies
Getting matches for hero : Winter Wyvern
Getting matches for hero : Arc Warden
parsing matches
Fetched matches for now, sleeping for 30m
Getting matches for hero : Anti-Mage
Getting matches for hero : Axe
Getting matches for hero : Bane
Getting matches for hero : Bloodseeker
Getting matches for hero : Crystal Maiden
Getting matches for hero : Drow Ranger
Getting matches for hero : Earthshaker
Getting matches for hero : Juggernaut
Getting matches for hero : Mirana
Getting matches for hero : Shadow Fiend
Getting matches for hero : Morphling
Getting matches for hero : Phantom Lancer
Getting matches for hero : Puck
Getting matches for hero : Pudge
Getting matches for hero : Razor
Getting matches for hero : Sand King
Getting matches for hero : Storm Spirit
Getting matches for hero : Sven
Getting matches for hero : Tiny
Getting matches for hero : Vengeful Spirit
Getting matches for hero : Windranger
Getting matches for hero : Zeus
Getting matches for hero : Kunkka
Getting matches for hero : Lina
Getting matches for hero : Lich
Getting matches for hero : Lion
Getting matches for hero : Shadow Shaman
Getting matches for hero : Slardar
Getting matches for hero : Tidehunter
Getting matches for hero : Witch Doctor
Getting matches for hero : Riki
Getting matches for hero : Enigma
Getting matches for hero : Tinker
Getting matches for hero : Sniper
Getting matches for hero : Necrophos
Getting matches for hero : Warlock
Getting matches for hero : Beastmaster
Getting matches for hero : Queen of Pain
Getting matches for hero : Venomancer
Getting matches for hero : Faceless Void
Getting matches for hero : Wraith King
Getting matches for hero : Death Prophet
Getting matches for hero : Phantom Assassin
Getting matches for hero : Pugna
Getting matches for hero : Templar Assassin
Getting matches for hero : Viper
Getting matches for hero : Luna
Getting matches for hero : Dragon Knight
Getting matches for hero : Dazzle
Getting matches for hero : Clockwerk
Getting matches for hero : Leshrac
Getting matches for hero : Nature's Prophet
Getting matches for hero : Lifestealer
Getting matches for hero : Dark Seer
Getting matches for hero : Clinkz
Getting matches for hero : Omniknight
Getting matches for hero : Enchantress
Getting matches for hero : Huskar
Getting matches for hero : Night Stalker
Getting matches for hero : Broodmother
Getting matches for hero : Bounty Hunter
Getting matches for hero : Weaver
Getting matches for hero : Jakiro
Getting matches for hero : Batrider
Getting matches for hero : Chen
Getting matches for hero : Spectre
Getting matches for hero : Doom
Getting matches for hero : Ancient Apparition
Getting matches for hero : Ursa
Getting matches for hero : Spirit Breaker
Getting matches for hero : Gyrocopter
Getting matches for hero : Alchemist
Getting matches for hero : Invoker
Getting matches for hero : Silencer
Getting matches for hero : Outworld Devourer
Getting matches for hero : Lycan
Getting matches for hero : Brewmaster
Getting matches for hero : Shadow Demon
Getting matches for hero : Lone Druid
Getting matches for hero : Chaos Knight
Getting matches for hero : Meepo
Getting matches for hero : Treant Protector
Server error
Getting matches for hero : Ogre Magi
Server error
Sleeping for 10 mins seeing if server gets back to normal
parsing matches
Fetched matches for now, sleeping for 30m
Getting matches for hero : Anti-Mage
Getting matches for hero : Axe
Getting matches for hero : Bane
Getting matches for hero : Bloodseeker
Getting matches for hero : Crystal Maiden
Getting matches for hero : Drow Ranger
Server error
Getting matches for hero : Earthshaker
Server error
Sleeping for 10 mins seeing if server gets back to normal
parsing matches
Fetched matches for now, sleeping for 30m
Getting matches for hero : Anti-Mage
connection error
Sleeping for 10 mins seeing if server gets back to normal
parsing matches
Fetched matches for now, sleeping for 30m
Getting matches for hero : Anti-Mage
connection error
Sleeping for 10 mins seeing if server gets back to normal
parsing matches
Fetched matches for now, sleeping for 30m
Getting matches for hero : Anti-Mage
Getting matches for hero : Axe
Server error
Getting matches for hero : Bane
Server error
Sleeping for 10 mins seeing if server gets back to normal
parsing matches
Fetched matches for now, sleeping for 30m
Getting matches for hero : Anti-Mage
Getting matches for hero : Axe
Getting matches for hero : Bane
Getting matches for hero : Bloodseeker
Getting matches for hero : Crystal Maiden
Getting matches for hero : Drow Ranger
Getting matches for hero : Earthshaker
Getting matches for hero : Juggernaut
Getting matches for hero : Mirana
Getting matches for hero : Shadow Fiend
Getting matches for hero : Morphling
Getting matches for hero : Phantom Lancer
Getting matches for hero : Puck
Getting matches for hero : Pudge
Getting matches for hero : Razor
Getting matches for hero : Sand King
Getting matches for hero : Storm Spirit
Getting matches for hero : Sven
Getting matches for hero : Tiny
Getting matches for hero : Vengeful Spirit
Getting matches for hero : Windranger
Getting matches for hero : Zeus
Getting matches for hero : Kunkka
Getting matches for hero : Lina
Getting matches for hero : Lich
Getting matches for hero : Lion
Getting matches for hero : Shadow Shaman
Getting matches for hero : Slardar
Getting matches for hero : Tidehunter
Getting matches for hero : Witch Doctor
Getting matches for hero : Riki
Getting matches for hero : Enigma
Getting matches for hero : Tinker
Getting matches for hero : Sniper
Getting matches for hero : Necrophos
Getting matches for hero : Warlock
Getting matches for hero : Beastmaster
Getting matches for hero : Queen of Pain
Getting matches for hero : Venomancer
Getting matches for hero : Faceless Void
Getting matches for hero : Wraith King
Getting matches for hero : Death Prophet
Getting matches for hero : Phantom Assassin
Getting matches for hero : Pugna
Getting matches for hero : Templar Assassin
Getting matches for hero : Viper
Getting matches for hero : Luna
Getting matches for hero : Dragon Knight
Getting matches for hero : Dazzle
Getting matches for hero : Clockwerk
Getting matches for hero : Leshrac
Getting matches for hero : Nature's Prophet
Getting matches for hero : Lifestealer
Getting matches for hero : Dark Seer
Getting matches for hero : Clinkz
Getting matches for hero : Omniknight
Getting matches for hero : Enchantress
Getting matches for hero : Huskar
Getting matches for hero : Night Stalker
Getting matches for hero : Broodmother
Getting matches for hero : Bounty Hunter
Getting matches for hero : Weaver
Getting matches for hero : Jakiro
Getting matches for hero : Batrider
Getting matches for hero : Chen
Getting matches for hero : Spectre
Getting matches for hero : Doom
Getting matches for hero : Ancient Apparition
Getting matches for hero : Ursa
Server error
Sleeping for 10 mins seeing if server gets back to normal
Getting matches for hero : Spirit Breaker
Getting matches for hero : Gyrocopter
Getting matches for hero : Alchemist
Getting matches for hero : Invoker
Getting matches for hero : Silencer
Getting matches for hero : Outworld Devourer
Getting matches for hero : Lycan
Getting matches for hero : Brewmaster
Getting matches for hero : Shadow Demon
Getting matches for hero : Lone Druid
Getting matches for hero : Chaos Knight
Getting matches for hero : Meepo
Getting matches for hero : Treant Protector
Getting matches for hero : Ogre Magi
Getting matches for hero : Undying
Getting matches for hero : Rubick
Getting matches for hero : Disruptor
Getting matches for hero : Nyx Assassin
Getting matches for hero : Naga Siren
Getting matches for hero : Keeper of the Light
Getting matches for hero : Io
Getting matches for hero : Visage
Getting matches for hero : Slark
Getting matches for hero : Medusa
Getting matches for hero : Troll Warlord
Getting matches for hero : Centaur Warrunner
Getting matches for hero : Magnus
Getting matches for hero : Timbersaw
Getting matches for hero : Bristleback
Getting matches for hero : Tusk
Getting matches for hero : Skywrath Mage
Getting matches for hero : Abaddon
Getting matches for hero : Elder Titan
Getting matches for hero : Legion Commander
Getting matches for hero : Ember Spirit
Getting matches for hero : Earth Spirit
Getting matches for hero : Terrorblade
Getting matches for hero : Phoenix
Getting matches for hero : Oracle
Getting matches for hero : Techies
Getting matches for hero : Winter Wyvern
Getting matches for hero : Arc Warden
parsing matches
Fetched matches for now, sleeping for 30m
Getting matches for hero : Anti-Mage
Getting matches for hero : Axe
Getting matches for hero : Bane
Getting matches for hero : Bloodseeker
Getting matches for hero : Crystal Maiden
Getting matches for hero : Drow Ranger
Getting matches for hero : Earthshaker
Getting matches for hero : Juggernaut
Getting matches for hero : Mirana
Getting matches for hero : Shadow Fiend
Getting matches for hero : Morphling
Getting matches for hero : Phantom Lancer
Getting matches for hero : Puck
Getting matches for hero : Pudge
Getting matches for hero : Razor
Getting matches for hero : Sand King
Getting matches for hero : Storm Spirit
Getting matches for hero : Sven
Getting matches for hero : Tiny
Getting matches for hero : Vengeful Spirit
Getting matches for hero : Windranger
Getting matches for hero : Zeus
Getting matches for hero : Kunkka
Getting matches for hero : Lina
Getting matches for hero : Lich
Getting matches for hero : Lion
Getting matches for hero : Shadow Shaman
Getting matches for hero : Slardar
Getting matches for hero : Tidehunter
Getting matches for hero : Witch Doctor
Getting matches for hero : Riki
Getting matches for hero : Enigma
Getting matches for hero : Tinker
Getting matches for hero : Sniper
Getting matches for hero : Necrophos
Getting matches for hero : Warlock
Getting matches for hero : Beastmaster
Getting matches for hero : Queen of Pain
Getting matches for hero : Venomancer
Getting matches for hero : Faceless Void
Getting matches for hero : Wraith King
Getting matches for hero : Death Prophet
Getting matches for hero : Phantom Assassin
Getting matches for hero : Pugna
Getting matches for hero : Templar Assassin
Getting matches for hero : Viper
Getting matches for hero : Luna
Getting matches for hero : Dragon Knight
Getting matches for hero : Dazzle
Getting matches for hero : Clockwerk
Getting matches for hero : Leshrac
Getting matches for hero : Nature's Prophet
Getting matches for hero : Lifestealer
Getting matches for hero : Dark Seer
Getting matches for hero : Clinkz
Getting matches for hero : Omniknight
Getting matches for hero : Enchantress
Getting matches for hero : Huskar
Getting matches for hero : Night Stalker
Getting matches for hero : Broodmother
Getting matches for hero : Bounty Hunter
Getting matches for hero : Weaver
Getting matches for hero : Jakiro
Getting matches for hero : Batrider
Getting matches for hero : Chen
Getting matches for hero : Spectre
Getting matches for hero : Doom
Getting matches for hero : Ancient Apparition
Getting matches for hero : Ursa
Getting matches for hero : Spirit Breaker
Getting matches for hero : Gyrocopter
Getting matches for hero : Alchemist
Getting matches for hero : Invoker
Getting matches for hero : Silencer
Getting matches for hero : Outworld Devourer
Getting matches for hero : Lycan
Getting matches for hero : Brewmaster
Getting matches for hero : Shadow Demon
Getting matches for hero : Lone Druid
Getting matches for hero : Chaos Knight
Getting matches for hero : Meepo
Getting matches for hero : Treant Protector
Getting matches for hero : Ogre Magi
Getting matches for hero : Undying
Getting matches for hero : Rubick
Getting matches for hero : Disruptor
Getting matches for hero : Nyx Assassin
Getting matches for hero : Naga Siren
Getting matches for hero : Keeper of the Light
Server error
Sleeping for 10 mins seeing if server gets back to normal
Getting matches for hero : Io
Getting matches for hero : Visage
Getting matches for hero : Slark
Getting matches for hero : Medusa
Getting matches for hero : Troll Warlord
Getting matches for hero : Centaur Warrunner
Getting matches for hero : Magnus
Getting matches for hero : Timbersaw
Getting matches for hero : Bristleback
Getting matches for hero : Tusk
Getting matches for hero : Skywrath Mage
Getting matches for hero : Abaddon
Getting matches for hero : Elder Titan
Getting matches for hero : Legion Commander
Getting matches for hero : Ember Spirit
Getting matches for hero : Earth Spirit
Getting matches for hero : Terrorblade
Getting matches for hero : Phoenix
Getting matches for hero : Oracle
Getting matches for hero : Techies
Getting matches for hero : Winter Wyvern
Getting matches for hero : Arc Warden
parsing matches
Fetched matches for now, sleeping for 30m
Getting matches for hero : Anti-Mage
Getting matches for hero : Axe
Getting matches for hero : Bane
Getting matches for hero : Bloodseeker
Getting matches for hero : Crystal Maiden
Getting matches for hero : Drow Ranger
Getting matches for hero : Earthshaker
Getting matches for hero : Juggernaut
Server error
Sleeping for 10 mins seeing if server gets back to normal
Getting matches for hero : Mirana
Getting matches for hero : Shadow Fiend
Getting matches for hero : Morphling
Getting matches for hero : Phantom Lancer
Getting matches for hero : Puck
Getting matches for hero : Pudge
Getting matches for hero : Razor
Getting matches for hero : Sand King
Getting matches for hero : Storm Spirit
Getting matches for hero : Sven
Getting matches for hero : Tiny
Getting matches for hero : Vengeful Spirit
Getting matches for hero : Windranger
Getting matches for hero : Zeus
Getting matches for hero : Kunkka
Getting matches for hero : Lina
Getting matches for hero : Lich
Getting matches for hero : Lion
Getting matches for hero : Shadow Shaman
Getting matches for hero : Slardar
Getting matches for hero : Tidehunter
Getting matches for hero : Witch Doctor
Getting matches for hero : Riki
Getting matches for hero : Enigma
Getting matches for hero : Tinker
Getting matches for hero : Sniper
Getting matches for hero : Necrophos
Getting matches for hero : Warlock
Getting matches for hero : Beastmaster
Getting matches for hero : Queen of Pain
Getting matches for hero : Venomancer
Getting matches for hero : Faceless Void
Getting matches for hero : Wraith King
Getting matches for hero : Death Prophet
Getting matches for hero : Phantom Assassin
Getting matches for hero : Pugna
Getting matches for hero : Templar Assassin
Getting matches for hero : Viper
Getting matches for hero : Luna
Getting matches for hero : Dragon Knight
Getting matches for hero : Dazzle
Getting matches for hero : Clockwerk
Getting matches for hero : Leshrac
Getting matches for hero : Nature's Prophet
Getting matches for hero : Lifestealer
Getting matches for hero : Dark Seer
Getting matches for hero : Clinkz
Getting matches for hero : Omniknight
Getting matches for hero : Enchantress
Getting matches for hero : Huskar
Getting matches for hero : Night Stalker
Getting matches for hero : Broodmother
Getting matches for hero : Bounty Hunter
Getting matches for hero : Weaver
Getting matches for hero : Jakiro
Getting matches for hero : Batrider
Server error
Sleeping for 10 mins seeing if server gets back to normal
Getting matches for hero : Chen
Getting matches for hero : Spectre
Getting matches for hero : Doom
Getting matches for hero : Ancient Apparition
Getting matches for hero : Ursa
Getting matches for hero : Spirit Breaker
Getting matches for hero : Gyrocopter
Getting matches for hero : Alchemist
Getting matches for hero : Invoker
Getting matches for hero : Silencer
Getting matches for hero : Outworld Devourer
Getting matches for hero : Lycan
Getting matches for hero : Brewmaster
Getting matches for hero : Shadow Demon
Getting matches for hero : Lone Druid
Getting matches for hero : Chaos Knight
Getting matches for hero : Meepo
Getting matches for hero : Treant Protector
Getting matches for hero : Ogre Magi
Getting matches for hero : Undying
Getting matches for hero : Rubick
Getting matches for hero : Disruptor
Getting matches for hero : Nyx Assassin
Getting matches for hero : Naga Siren
Getting matches for hero : Keeper of the Light
Getting matches for hero : Io
Getting matches for hero : Visage
Getting matches for hero : Slark
Getting matches for hero : Medusa
Getting matches for hero : Troll Warlord
Getting matches for hero : Centaur Warrunner
Getting matches for hero : Magnus
Getting matches for hero : Timbersaw
Getting matches for hero : Bristleback
Getting matches for hero : Tusk
Getting matches for hero : Skywrath Mage
Getting matches for hero : Abaddon
Getting matches for hero : Elder Titan
Getting matches for hero : Legion Commander
Getting matches for hero : Ember Spirit
Getting matches for hero : Earth Spirit
Getting matches for hero : Terrorblade
Server error
Sleeping for 10 mins seeing if server gets back to normal
Getting matches for hero : Phoenix
Getting matches for hero : Oracle
Getting matches for hero : Techies
Getting matches for hero : Winter Wyvern
Getting matches for hero : Arc Warden
parsing matches
Fetched matches for now, sleeping for 30m
Getting matches for hero : Anti-Mage
Getting matches for hero : Axe
Getting matches for hero : Bane
Getting matches for hero : Bloodseeker
Getting matches for hero : Crystal Maiden
Getting matches for hero : Drow Ranger
Getting matches for hero : Earthshaker
Getting matches for hero : Juggernaut
Getting matches for hero : Mirana
Getting matches for hero : Shadow Fiend
Getting matches for hero : Morphling
Getting matches for hero : Phantom Lancer
Getting matches for hero : Puck
Getting matches for hero : Pudge
Getting matches for hero : Razor
Getting matches for hero : Sand King
Getting matches for hero : Storm Spirit
Getting matches for hero : Sven
Getting matches for hero : Tiny
Getting matches for hero : Vengeful Spirit
Getting matches for hero : Windranger
Getting matches for hero : Zeus
Getting matches for hero : Kunkka
Getting matches for hero : Lina
Getting matches for hero : Lich
Getting matches for hero : Lion
Getting matches for hero : Shadow Shaman
Getting matches for hero : Slardar
Getting matches for hero : Tidehunter
Getting matches for hero : Witch Doctor
Getting matches for hero : Riki
Getting matches for hero : Enigma
Getting matches for hero : Tinker
Getting matches for hero : Sniper
Getting matches for hero : Necrophos
Getting matches for hero : Warlock
Getting matches for hero : Beastmaster
Getting matches for hero : Queen of Pain
Getting matches for hero : Venomancer
Getting matches for hero : Faceless Void
Getting matches for hero : Wraith King
Getting matches for hero : Death Prophet
Getting matches for hero : Phantom Assassin
Getting matches for hero : Pugna
Getting matches for hero : Templar Assassin
Getting matches for hero : Viper
Getting matches for hero : Luna
Getting matches for hero : Dragon Knight
Getting matches for hero : Dazzle
Getting matches for hero : Clockwerk
Getting matches for hero : Leshrac
Getting matches for hero : Nature's Prophet
Getting matches for hero : Lifestealer
Getting matches for hero : Dark Seer
Getting matches for hero : Clinkz
Getting matches for hero : Omniknight
Getting matches for hero : Enchantress
Getting matches for hero : Huskar
Getting matches for hero : Night Stalker
Getting matches for hero : Broodmother
Getting matches for hero : Bounty Hunter
Getting matches for hero : Weaver
Getting matches for hero : Jakiro
Getting matches for hero : Batrider
Getting matches for hero : Chen
Getting matches for hero : Spectre
Getting matches for hero : Doom
Getting matches for hero : Ancient Apparition
Getting matches for hero : Ursa
Getting matches for hero : Spirit Breaker
Getting matches for hero : Gyrocopter
Getting matches for hero : Alchemist
Getting matches for hero : Invoker
Getting matches for hero : Silencer
Getting matches for hero : Outworld Devourer
Getting matches for hero : Lycan
Getting matches for hero : Brewmaster
Getting matches for hero : Shadow Demon
Getting matches for hero : Lone Druid
Getting matches for hero : Chaos Knight
Getting matches for hero : Meepo
Getting matches for hero : Treant Protector
Getting matches for hero : Ogre Magi
Getting matches for hero : Undying
Getting matches for hero : Rubick
Getting matches for hero : Disruptor
Getting matches for hero : Nyx Assassin
Getting matches for hero : Naga Siren
Getting matches for hero : Keeper of the Light
Getting matches for hero : Io
Getting matches for hero : Visage
Getting matches for hero : Slark
Getting matches for hero : Medusa
Getting matches for hero : Troll Warlord
Getting matches for hero : Centaur Warrunner
Getting matches for hero : Magnus
Getting matches for hero : Timbersaw
Getting matches for hero : Bristleback
Getting matches for hero : Tusk
Getting matches for hero : Skywrath Mage
Getting matches for hero : Abaddon
Getting matches for hero : Elder Titan
Getting matches for hero : Legion Commander
Getting matches for hero : Ember Spirit
Getting matches for hero : Earth Spirit
Getting matches for hero : Terrorblade
Getting matches for hero : Phoenix
Getting matches for hero : Oracle
Getting matches for hero : Techies
Getting matches for hero : Winter Wyvern
Getting matches for hero : Arc Warden
parsing matches
Fetched matches for now, sleeping for 30m
Getting matches for hero : Anti-Mage
Getting matches for hero : Axe
Getting matches for hero : Bane
Getting matches for hero : Bloodseeker
Getting matches for hero : Crystal Maiden
Getting matches for hero : Drow Ranger
Getting matches for hero : Earthshaker
Getting matches for hero : Juggernaut
Getting matches for hero : Mirana
Getting matches for hero : Shadow Fiend
Getting matches for hero : Morphling
Getting matches for hero : Phantom Lancer
Getting matches for hero : Puck
Getting matches for hero : Pudge
Getting matches for hero : Razor
Getting matches for hero : Sand King
Getting matches for hero : Storm Spirit
Getting matches for hero : Sven
Getting matches for hero : Tiny
Getting matches for hero : Vengeful Spirit
Getting matches for hero : Windranger
Getting matches for hero : Zeus
Getting matches for hero : Kunkka
Getting matches for hero : Lina
Getting matches for hero : Lich
Getting matches for hero : Lion
Getting matches for hero : Shadow Shaman
Getting matches for hero : Slardar
Getting matches for hero : Tidehunter
Getting matches for hero : Witch Doctor
Getting matches for hero : Riki
Getting matches for hero : Enigma
Getting matches for hero : Tinker
Getting matches for hero : Sniper
Getting matches for hero : Necrophos
Getting matches for hero : Warlock
Getting matches for hero : Beastmaster
Getting matches for hero : Queen of Pain
Getting matches for hero : Venomancer
Getting matches for hero : Faceless Void
Getting matches for hero : Wraith King
Getting matches for hero : Death Prophet
Getting matches for hero : Phantom Assassin
Getting matches for hero : Pugna
Getting matches for hero : Templar Assassin
Getting matches for hero : Viper
Getting matches for hero : Luna
Getting matches for hero : Dragon Knight
Getting matches for hero : Dazzle
Getting matches for hero : Clockwerk
Getting matches for hero : Leshrac
Getting matches for hero : Nature's Prophet
Getting matches for hero : Lifestealer
Getting matches for hero : Dark Seer
Getting matches for hero : Clinkz
Getting matches for hero : Omniknight
Getting matches for hero : Enchantress
Getting matches for hero : Huskar
Getting matches for hero : Night Stalker
Getting matches for hero : Broodmother
Getting matches for hero : Bounty Hunter
Getting matches for hero : Weaver
Getting matches for hero : Jakiro
Getting matches for hero : Batrider
Getting matches for hero : Chen
Getting matches for hero : Spectre
Getting matches for hero : Doom
Getting matches for hero : Ancient Apparition
Getting matches for hero : Ursa
Getting matches for hero : Spirit Breaker
Getting matches for hero : Gyrocopter
Getting matches for hero : Alchemist
Getting matches for hero : Invoker
Getting matches for hero : Silencer
Getting matches for hero : Outworld Devourer
Getting matches for hero : Lycan
Getting matches for hero : Brewmaster
Getting matches for hero : Shadow Demon
Getting matches for hero : Lone Druid
Getting matches for hero : Chaos Knight
Getting matches for hero : Meepo
Getting matches for hero : Treant Protector
Getting matches for hero : Ogre Magi
Getting matches for hero : Undying
Getting matches for hero : Rubick
Getting matches for hero : Disruptor
Getting matches for hero : Nyx Assassin
Getting matches for hero : Naga Siren
Getting matches for hero : Keeper of the Light
Getting matches for hero : Io
Getting matches for hero : Visage
Getting matches for hero : Slark
Getting matches for hero : Medusa
Getting matches for hero : Troll Warlord
Getting matches for hero : Centaur Warrunner
Getting matches for hero : Magnus
Getting matches for hero : Timbersaw
Getting matches for hero : Bristleback
Getting matches for hero : Tusk
Getting matches for hero : Skywrath Mage
Getting matches for hero : Abaddon
Getting matches for hero : Elder Titan
Getting matches for hero : Legion Commander
Getting matches for hero : Ember Spirit
Getting matches for hero : Earth Spirit
Getting matches for hero : Terrorblade
Getting matches for hero : Phoenix
Getting matches for hero : Oracle
Getting matches for hero : Techies
Getting matches for hero : Winter Wyvern
Getting matches for hero : Arc Warden
parsing matches
Fetched matches for now, sleeping for 30m
Getting matches for hero : Anti-Mage
Getting matches for hero : Axe
Getting matches for hero : Bane
Getting matches for hero : Bloodseeker
Getting matches for hero : Crystal Maiden
Getting matches for hero : Drow Ranger
Getting matches for hero : Earthshaker
Getting matches for hero : Juggernaut
Getting matches for hero : Mirana
Getting matches for hero : Shadow Fiend
Getting matches for hero : Morphling
Getting matches for hero : Phantom Lancer
Getting matches for hero : Puck
Getting matches for hero : Pudge
Getting matches for hero : Razor
Getting matches for hero : Sand King
Getting matches for hero : Storm Spirit
Getting matches for hero : Sven
Getting matches for hero : Tiny
Getting matches for hero : Vengeful Spirit
Getting matches for hero : Windranger
Getting matches for hero : Zeus
Getting matches for hero : Kunkka
Getting matches for hero : Lina
Getting matches for hero : Lich
Getting matches for hero : Lion
Getting matches for hero : Shadow Shaman
Getting matches for hero : Slardar
Getting matches for hero : Tidehunter
Getting matches for hero : Witch Doctor
Getting matches for hero : Riki
Getting matches for hero : Enigma
Getting matches for hero : Tinker
Getting matches for hero : Sniper
Getting matches for hero : Necrophos
Getting matches for hero : Warlock
Getting matches for hero : Beastmaster
Getting matches for hero : Queen of Pain
Getting matches for hero : Venomancer
Getting matches for hero : Faceless Void
Getting matches for hero : Wraith King
Getting matches for hero : Death Prophet
Getting matches for hero : Phantom Assassin
Getting matches for hero : Pugna
Getting matches for hero : Templar Assassin
Getting matches for hero : Viper
Getting matches for hero : Luna
Getting matches for hero : Dragon Knight
Getting matches for hero : Dazzle
Getting matches for hero : Clockwerk
Getting matches for hero : Leshrac
Getting matches for hero : Nature's Prophet
Getting matches for hero : Lifestealer
Getting matches for hero : Dark Seer
Getting matches for hero : Clinkz
Getting matches for hero : Omniknight
Getting matches for hero : Enchantress
Getting matches for hero : Huskar
Getting matches for hero : Night Stalker
Getting matches for hero : Broodmother
Getting matches for hero : Bounty Hunter
Getting matches for hero : Weaver
Getting matches for hero : Jakiro
Getting matches for hero : Batrider
Getting matches for hero : Chen
Getting matches for hero : Spectre
Getting matches for hero : Doom
Getting matches for hero : Ancient Apparition
Getting matches for hero : Ursa
Getting matches for hero : Spirit Breaker
Getting matches for hero : Gyrocopter
Getting matches for hero : Alchemist
Getting matches for hero : Invoker
Getting matches for hero : Silencer
Getting matches for hero : Outworld Devourer
Getting matches for hero : Lycan
Getting matches for hero : Brewmaster
Getting matches for hero : Shadow Demon
Getting matches for hero : Lone Druid
Getting matches for hero : Chaos Knight
Getting matches for hero : Meepo
Getting matches for hero : Treant Protector
Getting matches for hero : Ogre Magi
Getting matches for hero : Undying
Getting matches for hero : Rubick
Getting matches for hero : Disruptor
Getting matches for hero : Nyx Assassin
Getting matches for hero : Naga Siren
Getting matches for hero : Keeper of the Light
Getting matches for hero : Io
Getting matches for hero : Visage
Getting matches for hero : Slark
Getting matches for hero : Medusa
Server error
Sleeping for 10 mins seeing if server gets back to normal
Getting matches for hero : Troll Warlord
Getting matches for hero : Centaur Warrunner
Getting matches for hero : Magnus
Getting matches for hero : Timbersaw
Getting matches for hero : Bristleback
Getting matches for hero : Tusk
Getting matches for hero : Skywrath Mage
Getting matches for hero : Abaddon
Getting matches for hero : Elder Titan
Getting matches for hero : Legion Commander
Getting matches for hero : Ember Spirit
Getting matches for hero : Earth Spirit
Getting matches for hero : Terrorblade
Getting matches for hero : Phoenix
Getting matches for hero : Oracle
Getting matches for hero : Techies
Getting matches for hero : Winter Wyvern
Getting matches for hero : Arc Warden
parsing matches
Fetched matches for now, sleeping for 30m
Getting matches for hero : Anti-Mage
Getting matches for hero : Axe
Getting matches for hero : Bane
Getting matches for hero : Bloodseeker
Getting matches for hero : Crystal Maiden
Getting matches for hero : Drow Ranger
Getting matches for hero : Earthshaker
Getting matches for hero : Juggernaut
Getting matches for hero : Mirana
Getting matches for hero : Shadow Fiend
Getting matches for hero : Morphling
Getting matches for hero : Phantom Lancer
Getting matches for hero : Puck
Getting matches for hero : Pudge
Getting matches for hero : Razor
Getting matches for hero : Sand King
Getting matches for hero : Storm Spirit
Getting matches for hero : Sven
Getting matches for hero : Tiny
Getting matches for hero : Vengeful Spirit
Getting matches for hero : Windranger
Getting matches for hero : Zeus
Getting matches for hero : Kunkka
Getting matches for hero : Lina
Getting matches for hero : Lich
Getting matches for hero : Lion
Getting matches for hero : Shadow Shaman
Getting matches for hero : Slardar
Getting matches for hero : Tidehunter
Getting matches for hero : Witch Doctor
Getting matches for hero : Riki
Getting matches for hero : Enigma
Getting matches for hero : Tinker
Getting matches for hero : Sniper
Getting matches for hero : Necrophos
Getting matches for hero : Warlock
Getting matches for hero : Beastmaster
Getting matches for hero : Queen of Pain
Getting matches for hero : Venomancer
Getting matches for hero : Faceless Void
Getting matches for hero : Wraith King
Getting matches for hero : Death Prophet
Server error
Sleeping for 10 mins seeing if server gets back to normal
Getting matches for hero : Phantom Assassin
Getting matches for hero : Pugna
Getting matches for hero : Templar Assassin
Getting matches for hero : Viper
Getting matches for hero : Luna
Getting matches for hero : Dragon Knight
Server error
Sleeping for 10 mins seeing if server gets back to normal
Getting matches for hero : Dazzle
Getting matches for hero : Clockwerk
Getting matches for hero : Leshrac
Getting matches for hero : Nature's Prophet
Getting matches for hero : Lifestealer
Getting matches for hero : Dark Seer
Getting matches for hero : Clinkz
Getting matches for hero : Omniknight
Getting matches for hero : Enchantress
Getting matches for hero : Huskar
Getting matches for hero : Night Stalker
Getting matches for hero : Broodmother
Getting matches for hero : Bounty Hunter
Getting matches for hero : Weaver
Server error
Sleeping for 10 mins seeing if server gets back to normal
Getting matches for hero : Jakiro
Getting matches for hero : Batrider
Getting matches for hero : Chen
Getting matches for hero : Spectre
Getting matches for hero : Doom
Getting matches for hero : Ancient Apparition
Getting matches for hero : Ursa
Getting matches for hero : Spirit Breaker
Getting matches for hero : Gyrocopter
Getting matches for hero : Alchemist
Getting matches for hero : Invoker
Getting matches for hero : Silencer
Getting matches for hero : Outworld Devourer
Getting matches for hero : Lycan
Getting matches for hero : Brewmaster
Getting matches for hero : Shadow Demon
Getting matches for hero : Lone Druid
Getting matches for hero : Chaos Knight
Getting matches for hero : Meepo
Getting matches for hero : Treant Protector
Getting matches for hero : Ogre Magi
Getting matches for hero : Undying
Getting matches for hero : Rubick
Getting matches for hero : Disruptor
Getting matches for hero : Nyx Assassin
Getting matches for hero : Naga Siren
Getting matches for hero : Keeper of the Light
Getting matches for hero : Io
Getting matches for hero : Visage
Getting matches for hero : Slark
Getting matches for hero : Medusa
Getting matches for hero : Troll Warlord
Getting matches for hero : Centaur Warrunner
Getting matches for hero : Magnus
Server error
Getting matches for hero : Timbersaw
Server error
Sleeping for 10 mins seeing if server gets back to normal
parsing matches
Fetched matches for now, sleeping for 30m
Getting matches for hero : Anti-Mage
Getting matches for hero : Axe
Getting matches for hero : Bane
Getting matches for hero : Bloodseeker
Getting matches for hero : Crystal Maiden
Getting matches for hero : Drow Ranger
Getting matches for hero : Earthshaker
Getting matches for hero : Juggernaut
Getting matches for hero : Mirana
Getting matches for hero : Shadow Fiend
Getting matches for hero : Morphling
Getting matches for hero : Phantom Lancer
Getting matches for hero : Puck
Getting matches for hero : Pudge
Getting matches for hero : Razor
Getting matches for hero : Sand King
Getting matches for hero : Storm Spirit
Server error
Sleeping for 10 mins seeing if server gets back to normal
Getting matches for hero : Sven
Getting matches for hero : Tiny
Getting matches for hero : Vengeful Spirit
Getting matches for hero : Windranger
Getting matches for hero : Zeus
Getting matches for hero : Kunkka
Getting matches for hero : Lina
Getting matches for hero : Lich
Getting matches for hero : Lion
Getting matches for hero : Shadow Shaman
Getting matches for hero : Slardar
Getting matches for hero : Tidehunter
Getting matches for hero : Witch Doctor
Getting matches for hero : Riki
Getting matches for hero : Enigma
Getting matches for hero : Tinker
Getting matches for hero : Sniper
Getting matches for hero : Necrophos
Getting matches for hero : Warlock
Getting matches for hero : Beastmaster
Getting matches for hero : Queen of Pain
Getting matches for hero : Venomancer
Getting matches for hero : Faceless Void
Getting matches for hero : Wraith King
Getting matches for hero : Death Prophet
Getting matches for hero : Phantom Assassin
Getting matches for hero : Pugna
Getting matches for hero : Templar Assassin
Getting matches for hero : Viper
Getting matches for hero : Luna
Getting matches for hero : Dragon Knight
Getting matches for hero : Dazzle
Getting matches for hero : Clockwerk
Getting matches for hero : Leshrac
Getting matches for hero : Nature's Prophet
Getting matches for hero : Lifestealer
Getting matches for hero : Dark Seer
Getting matches for hero : Clinkz
Getting matches for hero : Omniknight
Getting matches for hero : Enchantress
Getting matches for hero : Huskar
Getting matches for hero : Night Stalker
Getting matches for hero : Broodmother
Getting matches for hero : Bounty Hunter
Getting matches for hero : Weaver
Getting matches for hero : Jakiro
Getting matches for hero : Batrider
Getting matches for hero : Chen
Getting matches for hero : Spectre
Getting matches for hero : Doom
Getting matches for hero : Ancient Apparition
Getting matches for hero : Ursa
Getting matches for hero : Spirit Breaker
Getting matches for hero : Gyrocopter
Getting matches for hero : Alchemist
Getting matches for hero : Invoker
Getting matches for hero : Silencer
Getting matches for hero : Outworld Devourer
Getting matches for hero : Lycan
Getting matches for hero : Brewmaster
Getting matches for hero : Shadow Demon
Getting matches for hero : Lone Druid
Getting matches for hero : Chaos Knight
Getting matches for hero : Meepo
Getting matches for hero : Treant Protector
Getting matches for hero : Ogre Magi
Getting matches for hero : Undying
Getting matches for hero : Rubick
Getting matches for hero : Disruptor
Getting matches for hero : Nyx Assassin
Getting matches for hero : Naga Siren
Getting matches for hero : Keeper of the Light
Getting matches for hero : Io
Getting matches for hero : Visage
Getting matches for hero : Slark
Getting matches for hero : Medusa
Getting matches for hero : Troll Warlord
Getting matches for hero : Centaur Warrunner
Getting matches for hero : Magnus
Getting matches for hero : Timbersaw
Getting matches for hero : Bristleback
Getting matches for hero : Tusk
Getting matches for hero : Skywrath Mage
Server error
Getting matches for hero : Abaddon
Server error
Sleeping for 10 mins seeing if server gets back to normal
parsing matches
Fetched matches for now, sleeping for 30m
Getting matches for hero : Anti-Mage
Getting matches for hero : Axe
Getting matches for hero : Bane
Getting matches for hero : Bloodseeker
Getting matches for hero : Crystal Maiden
Getting matches for hero : Drow Ranger
Getting matches for hero : Earthshaker
Getting matches for hero : Juggernaut
Getting matches for hero : Mirana
Getting matches for hero : Shadow Fiend
Getting matches for hero : Morphling
Getting matches for hero : Phantom Lancer
Getting matches for hero : Puck
Getting matches for hero : Pudge
Getting matches for hero : Razor
Getting matches for hero : Sand King
Getting matches for hero : Storm Spirit
Getting matches for hero : Sven
Getting matches for hero : Tiny
Getting matches for hero : Vengeful Spirit
Getting matches for hero : Windranger
Getting matches for hero : Zeus
Getting matches for hero : Kunkka
Getting matches for hero : Lina
Getting matches for hero : Lich
Getting matches for hero : Lion
Getting matches for hero : Shadow Shaman
Getting matches for hero : Slardar
Getting matches for hero : Tidehunter
Getting matches for hero : Witch Doctor
Getting matches for hero : Riki
Getting matches for hero : Enigma
Getting matches for hero : Tinker
Getting matches for hero : Sniper
Getting matches for hero : Necrophos
Getting matches for hero : Warlock
Getting matches for hero : Beastmaster
Getting matches for hero : Queen of Pain
Getting matches for hero : Venomancer
Getting matches for hero : Faceless Void
Getting matches for hero : Wraith King
Getting matches for hero : Death Prophet
Getting matches for hero : Phantom Assassin
Getting matches for hero : Pugna
Getting matches for hero : Templar Assassin
Getting matches for hero : Viper
Getting matches for hero : Luna
Getting matches for hero : Dragon Knight
Getting matches for hero : Dazzle
Getting matches for hero : Clockwerk
Getting matches for hero : Leshrac
Getting matches for hero : Nature's Prophet
connection error
Getting matches for hero : Lifestealer
connection error
Sleeping for 10 mins seeing if server gets back to normal
parsing matches
Fetched matches for now, sleeping for 30m
Getting matches for hero : Anti-Mage
Getting matches for hero : Axe
Getting matches for hero : Bane
Getting matches for hero : Bloodseeker
Getting matches for hero : Crystal Maiden
Getting matches for hero : Drow Ranger
Getting matches for hero : Earthshaker
Getting matches for hero : Juggernaut
Getting matches for hero : Mirana
Getting matches for hero : Shadow Fiend
Getting matches for hero : Morphling
Getting matches for hero : Phantom Lancer
Getting matches for hero : Puck
Getting matches for hero : Pudge
Getting matches for hero : Razor
Getting matches for hero : Sand King
Getting matches for hero : Storm Spirit
Getting matches for hero : Sven
Getting matches for hero : Tiny
Getting matches for hero : Vengeful Spirit
Getting matches for hero : Windranger
Getting matches for hero : Zeus
Getting matches for hero : Kunkka
Getting matches for hero : Lina
Getting matches for hero : Lich
Getting matches for hero : Lion
Getting matches for hero : Shadow Shaman
Getting matches for hero : Slardar
Getting matches for hero : Tidehunter
Getting matches for hero : Witch Doctor
Getting matches for hero : Riki
Getting matches for hero : Enigma
Getting matches for hero : Tinker
Getting matches for hero : Sniper
Getting matches for hero : Necrophos
Getting matches for hero : Warlock
Getting matches for hero : Beastmaster
Getting matches for hero : Queen of Pain
Getting matches for hero : Venomancer
Getting matches for hero : Faceless Void
Getting matches for hero : Wraith King
Getting matches for hero : Death Prophet
Getting matches for hero : Phantom Assassin
Getting matches for hero : Pugna
Getting matches for hero : Templar Assassin
Getting matches for hero : Viper
Getting matches for hero : Luna
Getting matches for hero : Dragon Knight
Getting matches for hero : Dazzle
Getting matches for hero : Clockwerk
Getting matches for hero : Leshrac
Getting matches for hero : Nature's Prophet
Getting matches for hero : Lifestealer
Getting matches for hero : Dark Seer
Getting matches for hero : Clinkz
Getting matches for hero : Omniknight
Getting matches for hero : Enchantress
Getting matches for hero : Huskar
Getting matches for hero : Night Stalker
Getting matches for hero : Broodmother
Getting matches for hero : Bounty Hunter
Getting matches for hero : Weaver
Getting matches for hero : Jakiro
Getting matches for hero : Batrider
Getting matches for hero : Chen
Getting matches for hero : Spectre
Getting matches for hero : Doom
Getting matches for hero : Ancient Apparition
Getting matches for hero : Ursa
Getting matches for hero : Spirit Breaker
Getting matches for hero : Gyrocopter
Getting matches for hero : Alchemist
Getting matches for hero : Invoker
Getting matches for hero : Silencer
Getting matches for hero : Outworld Devourer
Getting matches for hero : Lycan
Getting matches for hero : Brewmaster
Getting matches for hero : Shadow Demon
Getting matches for hero : Lone Druid
Getting matches for hero : Chaos Knight
Getting matches for hero : Meepo
Getting matches for hero : Treant Protector
Getting matches for hero : Ogre Magi
Getting matches for hero : Undying
Getting matches for hero : Rubick
Getting matches for hero : Disruptor
Getting matches for hero : Nyx Assassin
Getting matches for hero : Naga Siren
Getting matches for hero : Keeper of the Light
Getting matches for hero : Io
Getting matches for hero : Visage
Getting matches for hero : Slark
Getting matches for hero : Medusa
Getting matches for hero : Troll Warlord
Getting matches for hero : Centaur Warrunner
Getting matches for hero : Magnus
Getting matches for hero : Timbersaw
Getting matches for hero : Bristleback
Getting matches for hero : Tusk
Getting matches for hero : Skywrath Mage
Getting matches for hero : Abaddon
Getting matches for hero : Elder Titan
Getting matches for hero : Legion Commander
Getting matches for hero : Ember Spirit
Getting matches for hero : Earth Spirit
Getting matches for hero : Terrorblade
Getting matches for hero : Phoenix
Getting matches for hero : Oracle
Getting matches for hero : Techies
Server error
Sleeping for 10 mins seeing if server gets back to normal
Getting matches for hero : Winter Wyvern
Getting matches for hero : Arc Warden
parsing matches
Fetched matches for now, sleeping for 30m
Getting matches for hero : Anti-Mage
Getting matches for hero : Axe
Getting matches for hero : Bane
Getting matches for hero : Bloodseeker
Getting matches for hero : Crystal Maiden
Getting matches for hero : Drow Ranger
Getting matches for hero : Earthshaker
Getting matches for hero : Juggernaut
Getting matches for hero : Mirana
Getting matches for hero : Shadow Fiend
Getting matches for hero : Morphling
Getting matches for hero : Phantom Lancer
Getting matches for hero : Puck
Getting matches for hero : Pudge
connection error
Sleeping for 10 mins seeing if server gets back to normal
Getting matches for hero : Razor
Getting matches for hero : Sand King
Getting matches for hero : Storm Spirit
Getting matches for hero : Sven
Getting matches for hero : Tiny
Getting matches for hero : Vengeful Spirit
Getting matches for hero : Windranger
Getting matches for hero : Zeus
Getting matches for hero : Kunkka
Getting matches for hero : Lina
Getting matches for hero : Lich
Getting matches for hero : Lion
Getting matches for hero : Shadow Shaman
Getting matches for hero : Slardar
Getting matches for hero : Tidehunter
Getting matches for hero : Witch Doctor
Getting matches for hero : Riki
Getting matches for hero : Enigma
Getting matches for hero : Tinker
Getting matches for hero : Sniper
Getting matches for hero : Necrophos
Getting matches for hero : Warlock
Getting matches for hero : Beastmaster
Getting matches for hero : Queen of Pain
Getting matches for hero : Venomancer
Getting matches for hero : Faceless Void
Getting matches for hero : Wraith King
Getting matches for hero : Death Prophet
Getting matches for hero : Phantom Assassin
Getting matches for hero : Pugna
Getting matches for hero : Templar Assassin
Getting matches for hero : Viper
Getting matches for hero : Luna
Getting matches for hero : Dragon Knight
Getting matches for hero : Dazzle
Getting matches for hero : Clockwerk
Getting matches for hero : Leshrac
Getting matches for hero : Nature's Prophet
Getting matches for hero : Lifestealer
Getting matches for hero : Dark Seer
Getting matches for hero : Clinkz
Getting matches for hero : Omniknight
Getting matches for hero : Enchantress
Getting matches for hero : Huskar
Getting matches for hero : Night Stalker
Getting matches for hero : Broodmother
Getting matches for hero : Bounty Hunter
Getting matches for hero : Weaver
Getting matches for hero : Jakiro
Getting matches for hero : Batrider
Getting matches for hero : Chen
Getting matches for hero : Spectre
Getting matches for hero : Doom
Getting matches for hero : Ancient Apparition
Getting matches for hero : Ursa
Getting matches for hero : Spirit Breaker
Getting matches for hero : Gyrocopter
Getting matches for hero : Alchemist
Getting matches for hero : Invoker
Getting matches for hero : Silencer
Getting matches for hero : Outworld Devourer
Getting matches for hero : Lycan
Getting matches for hero : Brewmaster
Getting matches for hero : Shadow Demon
Getting matches for hero : Lone Druid
Getting matches for hero : Chaos Knight
Getting matches for hero : Meepo
Getting matches for hero : Treant Protector
Getting matches for hero : Ogre Magi
Getting match